<?xml version="1.0" encoding="UTF-8"?>
<testsuite xmlns:xsi="http://www.w3.org/2001/XMLSchema-instance" xsi:noNamespaceSchemaLocation="https://maven.apache.org/surefire/maven-surefire-plugin/xsd/surefire-test-report-3.0.xsd" version="3.0" name="com.luv2code.junitdemo.DemoUtilsTest" time="2.126" tests="10" errors="0" skipped="0" failures="0">
  <properties>
[...]
</properties>
  <testcase name="0. Equals and Not Equals" classname="com.luv2code.junitdemo.DemoUtilsTest" time="0.043">
    <system-out><![CDATA[### @BeforeAll run  before all methods, Only once. ###
@BeforeEach run  before each method
1. Running testEqualsAndNotEquals.............
@AfterEach run  after each method
]]></system-out>
  </testcase>
  <testcase name="1. Equals and Not Equals, Multiply" classname="com.luv2code.junitdemo.DemoUtilsTest" time="0.003">
    <system-out><![CDATA[@BeforeEach run  before each method
1. Running testEqualsAndNotEquals.............
@AfterEach run  after each method
]]></system-out>
  </testcase>
  <testcase name="2. Null and Not Null" classname="com.luv2code.junitdemo.DemoUtilsTest" time="0.005">
    <system-out><![CDATA[@BeforeEach run  before each method
2. Running testNullAndNotNull............
@AfterEach run  after each method
]]></system-out>
  </testcase>
  <testcase name="3. Same and Not Same" classname="com.luv2code.junitdemo.DemoUtilsTest" time="0.004">
    <system-out><![CDATA[@BeforeEach run  before each method
3. Running testSameAndNotSame............
@AfterEach run  after each method
]]></system-out>
  </testcase>
  <testcase name="4. True and False" classname="com.luv2code.junitdemo.DemoUtilsTest" time="0.003">
    <system-out><![CDATA[@BeforeEach run  before each method
4. Running testTrueFalse............
@AfterEach run  after each method
]]></system-out>
  </testcase>
  <testcase name="5. Array Equals" classname="com.luv2code.junitdemo.DemoUtilsTest" time="0.003">
    <system-out><![CDATA[@BeforeEach run  before each method
5. Running testArrayEquals............
@AfterEach run  after each method
]]></system-out>
  </testcase>
  <testcase name="6. Iterable Equals" classname="com.luv2code.junitdemo.DemoUtilsTest" time="0.003">
    <system-out><![CDATA[@BeforeEach run  before each method
6. Running testIterableEquals............
@AfterEach run  after each method
]]></system-out>
  </testcase>
  <testcase name="7. Lines match" classname="com.luv2code.junitdemo.DemoUtilsTest" time="0.004">
    <system-out><![CDATA[@BeforeEach run  before each method
7. Running testLinesMatch............
@AfterEach run  after each method
]]></system-out>
  </testcase>
  <testcase name="8. Throws and Does not Throw Exception" classname="com.luv2code.junitdemo.DemoUtilsTest" time="0.005">
    <system-out><![CDATA[@BeforeEach run  before each method
8. Running testThrowsAndDoesNotThrow............
@AfterEach run  after each method
]]></system-out>
  </testcase>
  <testcase name="9. Timeout, finish after a time" classname="com.luv2code.junitdemo.DemoUtilsTest" time="2.008">
    <system-out><![CDATA[@BeforeEach run  before each method
9. Running testTimeout............
I am going to sleep
Sleeping over
@AfterEach run  after each method
]]></system-out>
  </testcase>
</testsuite>